#
# There is insufficient memory for the Java Runtime Environment to continue.
# Native memory allocation (mmap) failed to map 27262976 bytes for Failed to commit area from 0x0000000088200000 to 0x0000000089c00000 of length 27262976.
# Possible reasons:
#   The system is out of physical RAM or swap space
#   The process is running with CompressedOops enabled, and the Java Heap may be blocking the growth of the native heap
# Possible solutions:
#   Reduce memory load on the system
#   Increase physical memory or swap space
#   Check if swap backing store is full
#   Decrease Java heap size (-Xmx/-Xms)
#   Decrease number of Java threads
#   Decrease Java thread stack sizes (-Xss)
#   Set larger code cache with -XX:ReservedCodeCacheSize=
#   JVM is running with Unscaled Compressed Oops mode in which the Java heap is
#     placed in the first 4GB address space. The Java Heap base address is the
#     maximum limit for the native heap growth. Please use -XX:HeapBaseMinAddress
#     to set the Java Heap base and to place the Java Heap above 4GB virtual address.
# This output file may be truncated or incomplete.
#
#  Out of Memory Error (./src/hotspot/os/windows/os_windows.cpp:3301), pid=1060, tid=4976
#
# JRE version: OpenJDK Runtime Environment (11.0.11+9) (build 11.0.11+9-b60-7590822)
# Java VM: OpenJDK 64-Bit Server VM (11.0.11+9-b60-7590822, mixed mode, tiered, compressed oops, g1 gc, windows-amd64)
# No core dump will be written. Minidumps are not enabled by default on client versions of Windows
#

---------------  S U M M A R Y ------------

Command Line: --add-opens=java.base/java.util=ALL-UNNAMED --add-opens=java.base/java.lang=ALL-UNNAMED --add-opens=java.base/java.lang.invoke=ALL-UNNAMED --add-opens=java.base/java.util=ALL-UNNAMED --add-opens=java.prefs/java.util.prefs=ALL-UNNAMED --add-opens=java.prefs/java.util.prefs=ALL-UNNAMED --add-opens=java.base/java.nio.charset=ALL-UNNAMED --add-opens=java.base/java.net=ALL-UNNAMED --add-opens=java.base/java.util.concurrent.atomic=ALL-UNNAMED -Xmx2048m -Dfile.encoding=UTF-8 -Duser.country=419 -Duser.language=es -Duser.variant org.gradle.launcher.daemon.bootstrap.GradleDaemon 7.2

Host: Intel(R) Pentium(R) CPU N4200 @ 1.10GHz, 4 cores, 3G,  Windows 10 , 64 bit Build 10586 (10.0.10586.0)
Time: Tue Mar 15 12:59:14 2022 Hora estándar central (México) elapsed time: 64.592171 seconds (0d 0h 1m 4s)

---------------  T H R E A D  ---------------

Current thread (0x000001df58baf000):  VMThread "VM Thread" [stack: 0x0000000985c00000,0x0000000985d00000] [id=4976]

Stack: [0x0000000985c00000,0x0000000985d00000]
[error occurred during error reporting (printing stack bounds), id 0xc0000005, EXCEPTION_ACCESS_VIOLATION (0xc0000005) at pc=0x000001df423e0f3d]

Native frames: (J=compiled Java code, j=interpreted, Vv=VM code, C=native code)
V  [jvm.dll+0x5f214a]
V  [jvm.dll+0x726fb5]
V  [jvm.dll+0x7285cd]
V  [jvm.dll+0x728be5]
V  [jvm.dll+0x728b9b]
V  [jvm.dll+0x5f14e8]
V  [jvm.dll+0x5f1c78]
C  [ntdll.dll+0xa976d]
C  [ntdll.dll+0x34c19]
C  [ntdll.dll+0xa887a]
C  0x000001df423e0f3d

VM_Operation (0x00000009872f70d0): G1CollectForAllocation, mode: safepoint, requested by thread 0x000001df5b0c8800


---------------  P R O C E S S  ---------------

Threads class SMR info:
_java_thread_list=0x000001df6335f650, length=77, elements={
0x000001df3d123800, 0x000001df58bb6800, 0x000001df58bc0000, 0x000001df58c11800,
0x000001df58c12800, 0x000001df58c16000, 0x000001df58c18000, 0x000001df58c24000,
0x000001df58c28800, 0x000001df59685800, 0x000001df5c5a4800, 0x000001df5b89f000,
0x000001df5cbed000, 0x000001df5bed5000, 0x000001df5a941000, 0x000001df5c96e000,
0x000001df5b0c8800, 0x000001df5ae50800, 0x000001df5cb78000, 0x000001df5c3de800,
0x000001df5c3e2000, 0x000001df5c3dd000, 0x000001df5c3dc800, 0x000001df5c3de000,
0x000001df5c3df800, 0x000001df5c3e0800, 0x000001df5c3e1000, 0x000001df5c3e3000,
0x000001df5ce1a000, 0x000001df5ce1b800, 0x000001df5ce1c800, 0x000001df5ce1e000,
0x000001df5ce18800, 0x000001df5ce22000, 0x000001df5ce1f800, 0x000001df5ce19000,
0x000001df5ce21000, 0x000001df5ce23000, 0x000001df5ce1d000, 0x000001df5ce24800,
0x000001df5ce23800, 0x000001df5ce25800, 0x000001df5ce26000, 0x000001df5ce20800,
0x000001df5ce27000, 0x000001df5d1cb000, 0x000001df5d1c6800, 0x000001df5d1cc000,
0x000001df5d1c8000, 0x000001df5d1ca800, 0x000001df5d1cd000, 0x000001df5d1c7000,
0x000001df5d1cd800, 0x000001df5d1ce800, 0x000001df5d1c9000, 0x000001df5d1cf800,
0x000001df5d1c9800, 0x000001df5d1d5000, 0x000001df5d1d0000, 0x000001df5d1d2800,
0x000001df5d1d1000, 0x000001df5d1d3800, 0x000001df5d1d1800, 0x000001df5d1d4000,
0x000001df5edd3000, 0x000001df5edd4000, 0x000001df5edd0800, 0x000001df5edd4800,
0x000001df5edd5800, 0x000001df5edd6800, 0x000001df5edd7000, 0x000001df5edd1800,
0x000001df5edd8000, 0x000001df5edd2800, 0x000001df5eddd800, 0x000001df5edda800,
0x000001df5eddb800
}

Java Threads: ( => current thread )
  0x000001df3d123800 JavaThread "main" [_thread_blocked, id=7800, stack(0x0000000985600000,0x0000000985700000)]
  0x000001df58bb6800 JavaThread "Reference Handler" daemon [_thread_blocked, id=3840, stack(0x0000000985d00000,0x0000000985e00000)]
  0x000001df58bc0000 JavaThread "Finalizer" daemon [_thread_blocked, id=2136, stack(0x0000000985e00000,0x0000000985f00000)]
  0x000001df58c11800 JavaThread "Signal Dispatcher" daemon [_thread_blocked, id=3764, stack(0x0000000985f00000,0x0000000986000000)]
  0x000001df58c12800 JavaThread "Attach Listener" daemon [_thread_blocked, id=4924, stack(0x0000000986000000,0x0000000986100000)]
  0x000001df58c16000 JavaThread "Service Thread" daemon [_thread_blocked, id=8028, stack(0x0000000986100000,0x0000000986200000)]
  0x000001df58c18000 JavaThread "C2 CompilerThread0" daemon [_thread_in_native, id=6276, stack(0x0000000986200000,0x0000000986300000)]
  0x000001df58c24000 JavaThread "C1 CompilerThread0" daemon [_thread_blocked, id=404, stack(0x0000000986300000,0x0000000986400000)]
  0x000001df58c28800 JavaThread "Sweeper thread" daemon [_thread_blocked, id=1488, stack(0x0000000986400000,0x0000000986500000)]
  0x000001df59685800 JavaThread "Common-Cleaner" daemon [_thread_blocked, id=8756, stack(0x0000000986500000,0x0000000986600000)]
  0x000001df5c5a4800 JavaThread "Daemon health stats" [_thread_blocked, id=1948, stack(0x0000000986b00000,0x0000000986c00000)]
  0x000001df5b89f000 JavaThread "Incoming local TCP Connector on port 21330" [_thread_in_native, id=7472, stack(0x0000000986d00000,0x0000000986e00000)]
  0x000001df5cbed000 JavaThread "Daemon periodic checks" [_thread_blocked, id=2764, stack(0x0000000986e00000,0x0000000986f00000)]
  0x000001df5bed5000 JavaThread "Daemon" [_thread_blocked, id=5044, stack(0x0000000986f00000,0x0000000987000000)]
  0x000001df5a941000 JavaThread "Handler for socket connection from /127.0.0.1:21330 to /127.0.0.1:21331" [_thread_in_native, id=3268, stack(0x0000000987000000,0x0000000987100000)]
  0x000001df5c96e000 JavaThread "Cancel handler" [_thread_blocked, id=5896, stack(0x0000000987100000,0x0000000987200000)]
  0x000001df5b0c8800 JavaThread "Daemon worker" [_thread_blocked, id=4800, stack(0x0000000987200000,0x0000000987300000)]
  0x000001df5ae50800 JavaThread "Asynchronous log dispatcher for DefaultDaemonConnection: socket connection from /127.0.0.1:21330 to /127.0.0.1:21331" [_thread_blocked, id=6128, stack(0x0000000987300000,0x0000000987400000)]
  0x000001df5cb78000 JavaThread "Stdin handler" [_thread_blocked, id=408, stack(0x0000000987400000,0x0000000987500000)]
  0x000001df5c3de800 JavaThread "Daemon client event forwarder" [_thread_blocked, id=7524, stack(0x0000000987500000,0x0000000987600000)]
  0x000001df5c3e2000 JavaThread "Cache worker for journal cache (C:\Users\Alondra\.gradle\caches\journal-1)" [_thread_blocked, id=6176, stack(0x0000000987800000,0x0000000987900000)]
  0x000001df5c3dd000 JavaThread "File lock request listener" [_thread_in_native, id=5700, stack(0x0000000987900000,0x0000000987a00000)]
  0x000001df5c3dc800 JavaThread "Cache worker for file hash cache (C:\Users\Alondra\.gradle\caches\7.2\fileHashes)" [_thread_blocked, id=6264, stack(0x0000000987a00000,0x0000000987b00000)]
  0x000001df5c3de000 JavaThread "Cache worker for file hash cache (D:\Alondra\Navigation\.gradle\7.2\fileHashes)" [_thread_blocked, id=5204, stack(0x0000000987c00000,0x0000000987d00000)]
  0x000001df5c3df800 JavaThread "jar transforms" [_thread_blocked, id=6500, stack(0x0000000987e00000,0x0000000987f00000)]
  0x000001df5c3e0800 JavaThread "jar transforms Thread 2" [_thread_blocked, id=4700, stack(0x0000000987f00000,0x0000000988000000)]
  0x000001df5c3e1000 JavaThread "jar transforms Thread 3" [_thread_blocked, id=5140, stack(0x0000000988000000,0x0000000988100000)]
  0x000001df5c3e3000 JavaThread "jar transforms Thread 4" [_thread_blocked, id=5624, stack(0x0000000988100000,0x0000000988200000)]
  0x000001df5ce1a000 JavaThread "Cache worker for checksums cache (D:\Alondra\Navigation\.gradle\checksums)" [_thread_blocked, id=3428, stack(0x0000000988200000,0x0000000988300000)]
  0x000001df5ce1b800 JavaThread "Cache worker for cache directory md-supplier (C:\Users\Alondra\.gradle\caches\7.2\md-supplier)" [_thread_blocked, id=432, stack(0x0000000988300000,0x0000000988400000)]
  0x000001df5ce1c800 JavaThread "Cache worker for cache directory md-rule (C:\Users\Alondra\.gradle\caches\7.2\md-rule)" [_thread_blocked, id=6820, stack(0x0000000988500000,0x0000000988600000)]
  0x000001df5ce1e000 JavaThread "Cache worker for execution history cache (C:\Users\Alondra\.gradle\caches\7.2\executionHistory)" [_thread_blocked, id=4844, stack(0x0000000988600000,0x0000000988700000)]
  0x000001df5ce18800 JavaThread "Cache worker for file content cache (C:\Users\Alondra\.gradle\caches\7.2\fileContent)" [_thread_blocked, id=3580, stack(0x0000000988800000,0x0000000988900000)]
  0x000001df5ce22000 JavaThread "Cache worker for dependencies-accessors (D:\Alondra\Navigation\.gradle\7.2\dependencies-accessors)" [_thread_blocked, id=6372, stack(0x0000000988e00000,0x0000000988f00000)]
  0x000001df5ce1f800 JavaThread "Cache worker for Build Output Cleanup Cache (D:\Alondra\Navigation\.gradle\buildOutputCleanup)" [_thread_blocked, id=1736, stack(0x0000000989000000,0x0000000989100000)]
  0x000001df5ce19000 JavaThread "Unconstrained build operations" [_thread_blocked, id=4452, stack(0x0000000989400000,0x0000000989500000)]
  0x000001df5ce21000 JavaThread "Unconstrained build operations Thread 2" [_thread_blocked, id=8164, stack(0x0000000989500000,0x0000000989600000)]
  0x000001df5ce23000 JavaThread "Unconstrained build operations Thread 3" [_thread_blocked, id=8520, stack(0x0000000989600000,0x0000000989700000)]
  0x000001df5ce1d000 JavaThread "Unconstrained build operations Thread 4" [_thread_blocked, id=4500, stack(0x0000000989700000,0x0000000989800000)]
  0x000001df5ce24800 JavaThread "Unconstrained build operations Thread 5" [_thread_blocked, id=1424, stack(0x0000000989800000,0x0000000989900000)]
  0x000001df5ce23800 JavaThread "Unconstrained build operations Thread 6" [_thread_blocked, id=4652, stack(0x0000000989900000,0x0000000989a00000)]
  0x000001df5ce25800 JavaThread "Unconstrained build operations Thread 7" [_thread_blocked, id=6060, stack(0x0000000989a00000,0x0000000989b00000)]
  0x000001df5ce26000 JavaThread "Unconstrained build operations Thread 8" [_thread_blocked, id=1772, stack(0x0000000989b00000,0x0000000989c00000)]
  0x000001df5ce20800 JavaThread "Unconstrained build operations Thread 9" [_thread_blocked, id=9144, stack(0x0000000989c00000,0x0000000989d00000)]
  0x000001df5ce27000 JavaThread "Unconstrained build operations Thread 10" [_thread_blocked, id=8828, stack(0x0000000989d00000,0x0000000989e00000)]
  0x000001df5d1cb000 JavaThread "Unconstrained build operations Thread 11" [_thread_blocked, id=7340, stack(0x0000000989e00000,0x0000000989f00000)]
  0x000001df5d1c6800 JavaThread "Unconstrained build operations Thread 12" [_thread_blocked, id=5464, stack(0x0000000989f00000,0x000000098a000000)]
  0x000001df5d1cc000 JavaThread "Unconstrained build operations Thread 13" [_thread_blocked, id=1780, stack(0x000000098a000000,0x000000098a100000)]
  0x000001df5d1c8000 JavaThread "Unconstrained build operations Thread 14" [_thread_blocked, id=4068, stack(0x000000098a100000,0x000000098a200000)]
  0x000001df5d1ca800 JavaThread "Unconstrained build operations Thread 15" [_thread_blocked, id=5296, stack(0x000000098a200000,0x000000098a300000)]
  0x000001df5d1cd000 JavaThread "Unconstrained build operations Thread 16" [_thread_blocked, id=4760, stack(0x000000098a300000,0x000000098a400000)]
  0x000001df5d1c7000 JavaThread "Unconstrained build operations Thread 17" [_thread_blocked, id=3932, stack(0x000000098a400000,0x000000098a500000)]
  0x000001df5d1cd800 JavaThread "Unconstrained build operations Thread 18" [_thread_blocked, id=7748, stack(0x000000098a500000,0x000000098a600000)]
  0x000001df5d1ce800 JavaThread "Unconstrained build operations Thread 19" [_thread_blocked, id=8996, stack(0x000000098a600000,0x000000098a700000)]
  0x000001df5d1c9000 JavaThread "Unconstrained build operations Thread 20" [_thread_blocked, id=2816, stack(0x000000098a700000,0x000000098a800000)]
  0x000001df5d1cf800 JavaThread "Unconstrained build operations Thread 21" [_thread_blocked, id=464, stack(0x000000098a800000,0x000000098a900000)]
  0x000001df5d1c9800 JavaThread "Unconstrained build operations Thread 22" [_thread_blocked, id=7948, stack(0x000000098a900000,0x000000098aa00000)]
  0x000001df5d1d5000 JavaThread "Unconstrained build operations Thread 23" [_thread_blocked, id=8824, stack(0x000000098aa00000,0x000000098ab00000)]
  0x000001df5d1d0000 JavaThread "Unconstrained build operations Thread 24" [_thread_blocked, id=2760, stack(0x000000098ab00000,0x000000098ac00000)]
  0x000001df5d1d2800 JavaThread "Unconstrained build operations Thread 25" [_thread_blocked, id=1472, stack(0x000000098ac00000,0x000000098ad00000)]
  0x000001df5d1d1000 JavaThread "Unconstrained build operations Thread 26" [_thread_blocked, id=7452, stack(0x000000098ad00000,0x000000098ae00000)]
  0x000001df5d1d3800 JavaThread "Unconstrained build operations Thread 27" [_thread_blocked, id=8928, stack(0x000000098ae00000,0x000000098af00000)]
  0x000001df5d1d1800 JavaThread "Unconstrained build operations Thread 28" [_thread_blocked, id=4228, stack(0x000000098af00000,0x000000098b000000)]
  0x000001df5d1d4000 JavaThread "Unconstrained build operations Thread 29" [_thread_blocked, id=5504, stack(0x000000098b000000,0x000000098b100000)]
  0x000001df5edd3000 JavaThread "Unconstrained build operations Thread 30" [_thread_blocked, id=3324, stack(0x000000098b100000,0x000000098b200000)]
  0x000001df5edd4000 JavaThread "Unconstrained build operations Thread 31" [_thread_blocked, id=4460, stack(0x000000098b200000,0x000000098b300000)]
  0x000001df5edd0800 JavaThread "Unconstrained build operations Thread 32" [_thread_blocked, id=5028, stack(0x000000098b300000,0x000000098b400000)]
  0x000001df5edd4800 JavaThread "Unconstrained build operations Thread 33" [_thread_blocked, id=4144, stack(0x000000098b400000,0x000000098b500000)]
  0x000001df5edd5800 JavaThread "Unconstrained build operations Thread 34" [_thread_blocked, id=8044, stack(0x000000098b500000,0x000000098b600000)]
  0x000001df5edd6800 JavaThread "Unconstrained build operations Thread 35" [_thread_blocked, id=4696, stack(0x000000098b600000,0x000000098b700000)]
  0x000001df5edd7000 JavaThread "Unconstrained build operations Thread 36" [_thread_blocked, id=8748, stack(0x000000098b700000,0x000000098b800000)]
  0x000001df5edd1800 JavaThread "Unconstrained build operations Thread 37" [_thread_blocked, id=3052, stack(0x000000098b800000,0x000000098b900000)]
  0x000001df5edd8000 JavaThread "Unconstrained build operations Thread 38" [_thread_blocked, id=4780, stack(0x000000098b900000,0x000000098ba00000)]
  0x000001df5edd2800 JavaThread "Unconstrained build operations Thread 39" [_thread_blocked, id=488, stack(0x000000098ba00000,0x000000098bb00000)]
  0x000001df5eddd800 JavaThread "Unconstrained build operations Thread 40" [_thread_blocked, id=8388, stack(0x000000098bb00000,0x000000098bc00000)]
  0x000001df5edda800 JavaThread "Memory manager" [_thread_blocked, id=5728, stack(0x000000098c200000,0x000000098c300000)]
  0x000001df5eddb800 JavaThread "C2 CompilerThread1" daemon [_thread_blocked, id=3548, stack(0x000000098c600000,0x000000098c700000)]

Other Threads:
=>0x000001df58baf000 VMThread "VM Thread" [stack: 0x0000000985c00000,0x0000000985d00000] [id=4976]
  0x000001df5969e800 WatcherThread [stack: 0x0000000986600000,0x0000000986700000] [id=5664]
  0x000001df3d13d000 GCTaskThread "GC Thread#0" [stack: 0x0000000985700000,0x0000000985800000] [id=7020]
  0x000001df59e8a000 GCTaskThread "GC Thread#1" [stack: 0x0000000986800000,0x0000000986900000] [id=2112]
  0x000001df5aeba800 GCTaskThread "GC Thread#2" [stack: 0x0000000987600000,0x0000000987700000] [id=5036]
  0x000001df5b95d800 GCTaskThread "GC Thread#3" [stack: 0x0000000987700000,0x0000000987800000] [id=7304]
  0x000001df3d16d800 ConcurrentGCThread "G1 Main Marker" [stack: 0x0000000985800000,0x0000000985900000] [id=7164]
  0x000001df3d16e800 ConcurrentGCThread "G1 Conc#0" [stack: 0x0000000985900000,0x0000000985a00000] [id=1496]
  0x000001df3d1cf800 ConcurrentGCThread "G1 Refine#0" [stack: 0x0000000985a00000,0x0000000985b00000] [id=6628]
  0x000001df3d1d0800 ConcurrentGCThread "G1 Young RemSet Sampling" [stack: 0x0000000985b00000,0x0000000985c00000] [id=7544]

Threads with active compile tasks:
C2 CompilerThread0  64659 8447 %     4       org.gradle.internal.instantiation.generator.AbstractClassGenerator::inspectType @ 163 (560 bytes)
C2 CompilerThread1  64659 8506       4       org.gradle.internal.util.Trie::find (135 bytes)

VM state:at safepoint (normal execution)

VM Mutex/Monitor currently owned by a thread:  ([mutex/lock_event])
[0x000001df3d1216c0] Threads_lock - owner thread: 0x000001df58baf000
[0x000001df3d123010] Heap_lock - owner thread: 0x000001df5b0c8800

Heap address: 0x0000000080000000, size: 2048 MB, Compressed Oops mode: 32-bit
Narrow klass base: 0x0000000000000000, Narrow klass shift: 3
Compressed class space size: 1073741824 Address: 0x0000000100000000

Heap:
 garbage-first heap   total 159744K, used 93258K [0x0000000080000000, 0x0000000100000000)
  region size 1024K, 2 young (2048K), 2 survivors (2048K)
 Metaspace       used 77621K, capacity 79517K, committed 79792K, reserved 1118208K
  class space    used 9950K, capacity 10629K, committed 10752K, reserved 1048576K
Heap Regions: E=young(eden), S=young(survivor), O=old, HS=humongous(starts), HC=humongous(continues), CS=collection set, F=free, A=archive, TAMS=top-at-mark-start (previous, next)
|   0|0x0000000080000000, 0x0000000080100000, 0x0000000080100000|100%| O|  |TAMS 0x0000000080100000, 0x0000000080000000| Untracked 
|   1|0x0000000080100000, 0x0000000080200000, 0x0000000080200000|100%| O|  |TAMS 0x0000000080200000, 0x0000000080100000| Untracked 
|   2|0x0000000080200000, 0x0000000080300000, 0x0000000080300000|100%| O|  |TAMS 0x0000000080300000, 0x0000000080200000| Untracked 
|   3|0x0000000080300000, 0x0000000080400000, 0x0000000080400000|100%|HS|  |TAMS 0x0000000080400000, 0x0000000080300000| Complete 
|   4|0x0000000080400000, 0x0000000080500000, 0x0000000080500000|100%|HC|  |TAMS 0x0000000080500000, 0x0000000080400000| Complete 
|   5|0x0000000080500000, 0x0000000080600000, 0x0000000080600000|100%|HC|  |TAMS 0x0000000080600000, 0x0000000080500000| Complete 
|   6|0x0000000080600000, 0x0000000080700000, 0x0000000080700000|100%| O|  |TAMS 0x0000000080700000, 0x0000000080600000| Untracked 
|   7|0x0000000080700000, 0x0000000080800000, 0x0000000080800000|100%| O|  |TAMS 0x0000000080800000, 0x0000000080700000| Untracked 
|   8|0x0000000080800000, 0x0000000080900000, 0x0000000080900000|100%| O|  |TAMS 0x0000000080900000, 0x0000000080800000| Untracked 
|   9|0x0000000080900000, 0x0000000080a00000, 0x0000000080a00000|100%| O|  |TAMS 0x0000000080a00000, 0x0000000080900000| Untracked 
|  10|0x0000000080a00000, 0x0000000080b00000, 0x0000000080b00000|100%| O|  |TAMS 0x0000000080b00000, 0x0000000080a00000| Untracked 
|  11|0x0000000080b00000, 0x0000000080c00000, 0x0000000080c00000|100%| O|  |TAMS 0x0000000080c00000, 0x0000000080b00000| Untracked 
|  12|0x0000000080c00000, 0x0000000080d00000, 0x0000000080d00000|100%| O|  |TAMS 0x0000000080d00000, 0x0000000080c00000| Untracked 
|  13|0x0000000080d00000, 0x0000000080e00000, 0x0000000080e00000|100%| O|  |TAMS 0x0000000080e00000, 0x0000000080d00000| Untracked 
|  14|0x0000000080e00000, 0x0000000080f00000, 0x0000000080f00000|100%| O|  |TAMS 0x0000000080f00000, 0x0000000080e00000| Untracked 
|  15|0x0000000080f00000, 0x0000000081000000, 0x0000000081000000|100%| O|  |TAMS 0x0000000081000000, 0x0000000080f00000| Untracked 
|  16|0x0000000081000000, 0x0000000081100000, 0x0000000081100000|100%| O|  |TAMS 0x0000000081100000, 0x0000000081000000| Untracked 
|  17|0x0000000081100000, 0x0000000081200000, 0x0000000081200000|100%|HS|  |TAMS 0x0000000081200000, 0x0000000081100000| Complete 
|  18|0x0000000081200000, 0x0000000081300000, 0x0000000081300000|100%|HC|  |TAMS 0x0000000081300000, 0x0000000081200000| Complete 
|  19|0x0000000081300000, 0x0000000081400000, 0x0000000081400000|100%|HS|  |TAMS 0x0000000081400000, 0x0000000081300000| Complete 
|  20|0x0000000081400000, 0x0000000081500000, 0x0000000081500000|100%|HC|  |TAMS 0x0000000081500000, 0x0000000081400000| Complete 
|  21|0x0000000081500000, 0x0000000081600000, 0x0000000081600000|100%|HC|  |TAMS 0x0000000081600000, 0x0000000081500000| Complete 
|  22|0x0000000081600000, 0x0000000081700000, 0x0000000081700000|100%|HS|  |TAMS 0x0000000081700000, 0x0000000081600000| Complete 
|  23|0x0000000081700000, 0x0000000081800000, 0x0000000081800000|100%|HC|  |TAMS 0x0000000081800000, 0x0000000081700000| Complete 
|  24|0x0000000081800000, 0x0000000081900000, 0x0000000081900000|100%|HC|  |TAMS 0x0000000081900000, 0x0000000081800000| Complete 
|  25|0x0000000081900000, 0x0000000081a00000, 0x0000000081a00000|100%|HC|  |TAMS 0x0000000081a00000, 0x0000000081900000| Complete 
|  26|0x0000000081a00000, 0x0000000081b00000, 0x0000000081b00000|100%| O|  |TAMS 0x0000000081b00000, 0x0000000081a00000| Untracked 
|  27|0x0000000081b00000, 0x0000000081c00000, 0x0000000081c00000|100%| O|  |TAMS 0x0000000081c00000, 0x0000000081b00000| Untracked 
|  28|0x0000000081c00000, 0x0000000081d00000, 0x0000000081d00000|100%| O|  |TAMS 0x0000000081d00000, 0x0000000081c00000| Untracked 
|  29|0x0000000081d00000, 0x0000000081e00000, 0x0000000081e00000|100%| O|  |TAMS 0x0000000081e00000, 0x0000000081d00000| Untracked 
|  30|0x0000000081e00000, 0x0000000081f00000, 0x0000000081f00000|100%| O|  |TAMS 0x0000000081f00000, 0x0000000081e00000| Untracked 
|  31|0x0000000081f00000, 0x0000000082000000, 0x0000000082000000|100%| O|  |TAMS 0x0000000082000000, 0x0000000081f00000| Untracked 
|  32|0x0000000082000000, 0x0000000082100000, 0x0000000082100000|100%| O|  |TAMS 0x0000000082100000, 0x0000000082000000| Untracked 
|  33|0x0000000082100000, 0x0000000082200000, 0x0000000082200000|100%| O|  |TAMS 0x0000000082200000, 0x0000000082100000| Untracked 
|  34|0x0000000082200000, 0x0000000082300000, 0x0000000082300000|100%| O|  |TAMS 0x0000000082300000, 0x0000000082200000| Untracked 
|  35|0x0000000082300000, 0x0000000082400000, 0x0000000082400000|100%| O|  |TAMS 0x0000000082400000, 0x0000000082300000| Untracked 
|  36|0x0000000082400000, 0x0000000082500000, 0x0000000082500000|100%| O|  |TAMS 0x0000000082500000, 0x0000000082400000| Untracked 
|  37|0x0000000082500000, 0x0000000082600000, 0x0000000082600000|100%| O|  |TAMS 0x0000000082600000, 0x0000000082500000| Untracked 
|  38|0x0000000082600000, 0x0000000082700000, 0x0000000082700000|100%| O|  |TAMS 0x0000000082700000, 0x0000000082600000| Untracked 
|  39|0x0000000082700000, 0x0000000082800000, 0x0000000082800000|100%| O|  |TAMS 0x0000000082800000, 0x0000000082700000| Untracked 
|  40|0x0000000082800000, 0x0000000082900000, 0x0000000082900000|100%| O|  |TAMS 0x0000000082900000, 0x0000000082800000| Untracked 
|  41|0x0000000082900000, 0x0000000082a00000, 0x0000000082a00000|100%|HS|  |TAMS 0x0000000082a00000, 0x0000000082900000| Complete 
|  42|0x0000000082a00000, 0x0000000082b00000, 0x0000000082b00000|100%|HC|  |TAMS 0x0000000082b00000, 0x0000000082a00000| Complete 
|  43|0x0000000082b00000, 0x0000000082c00000, 0x0000000082c00000|100%|HC|  |TAMS 0x0000000082c00000, 0x0000000082b00000| Complete 
|  44|0x0000000082c00000, 0x0000000082d00000, 0x0000000082d00000|100%| O|  |TAMS 0x0000000082d00000, 0x0000000082c00000| Untracked 
|  45|0x0000000082d00000, 0x0000000082e00000, 0x0000000082e00000|100%| O|  |TAMS 0x0000000082e00000, 0x0000000082d00000| Untracked 
|  46|0x0000000082e00000, 0x0000000082f00000, 0x0000000082f00000|100%| O|  |TAMS 0x0000000082f00000, 0x0000000082e00000| Untracked 
|  47|0x0000000082f00000, 0x0000000083000000, 0x0000000083000000|100%| O|  |TAMS 0x0000000083000000, 0x0000000082f00000| Untracked 
|  48|0x0000000083000000, 0x0000000083100000, 0x0000000083100000|100%| O|  |TAMS 0x0000000083100000, 0x0000000083000000| Untracked 
|  49|0x0000000083100000, 0x0000000083200000, 0x0000000083200000|100%| O|  |TAMS 0x0000000083200000, 0x0000000083100000| Untracked 
|  50|0x0000000083200000, 0x0000000083300000, 0x0000000083300000|100%| O|  |TAMS 0x0000000083300000, 0x0000000083200000| Untracked 
|  51|0x0000000083300000, 0x0000000083400000, 0x0000000083400000|100%|HS|  |TAMS 0x0000000083400000, 0x0000000083300000| Complete 
|  52|0x0000000083400000, 0x0000000083500000, 0x0000000083500000|100%|HC|  |TAMS 0x0000000083500000, 0x0000000083400000| Complete 
|  53|0x0000000083500000, 0x0000000083600000, 0x0000000083600000|100%|HC|  |TAMS 0x0000000083600000, 0x0000000083500000| Complete 
|  54|0x0000000083600000, 0x0000000083700000, 0x0000000083700000|100%|HC|  |TAMS 0x0000000083700000, 0x0000000083600000| Complete 
|  55|0x0000000083700000, 0x0000000083800000, 0x0000000083800000|100%| O|  |TAMS 0x0000000083800000, 0x0000000083700000| Untracked 
|  56|0x0000000083800000, 0x0000000083900000, 0x0000000083900000|100%| O|  |TAMS 0x0000000083900000, 0x0000000083800000| Untracked 
|  57|0x0000000083900000, 0x0000000083a00000, 0x0000000083a00000|100%| O|  |TAMS 0x0000000083a00000, 0x0000000083900000| Untracked 
|  58|0x0000000083a00000, 0x0000000083b00000, 0x0000000083b00000|100%| O|  |TAMS 0x0000000083b00000, 0x0000000083a00000| Untracked 
|  59|0x0000000083b00000, 0x0000000083c00000, 0x0000000083c00000|100%|HS|  |TAMS 0x0000000083c00000, 0x0000000083b00000| Complete 
|  60|0x0000000083c00000, 0x0000000083d00000, 0x0000000083d00000|100%|HS|  |TAMS 0x0000000083d00000, 0x0000000083c00000| Complete 
|  61|0x0000000083d00000, 0x0000000083e00000, 0x0000000083e00000|100%|HS|  |TAMS 0x0000000083e00000, 0x0000000083d00000| Complete 
|  62|0x0000000083e00000, 0x0000000083f00000, 0x0000000083f00000|100%|HS|  |TAMS 0x0000000083f00000, 0x0000000083e00000| Complete 
|  63|0x0000000083f00000, 0x0000000084000000, 0x0000000084000000|100%| O|  |TAMS 0x0000000084000000, 0x0000000083f00000| Untracked 
|  64|0x0000000084000000, 0x0000000084100000, 0x0000000084100000|100%|HS|  |TAMS 0x0000000084100000, 0x0000000084000000| Complete 
|  65|0x0000000084100000, 0x0000000084200000, 0x0000000084200000|100%|HC|  |TAMS 0x0000000084200000, 0x0000000084100000| Complete 
|  66|0x0000000084200000, 0x0000000084300000, 0x0000000084300000|100%|HC|  |TAMS 0x0000000084300000, 0x0000000084200000| Complete 
|  67|0x0000000084300000, 0x0000000084400000, 0x0000000084400000|100%| O|  |TAMS 0x0000000084400000, 0x0000000084300000| Untracked 
|  68|0x0000000084400000, 0x0000000084500000, 0x0000000084500000|100%| O|  |TAMS 0x0000000084500000, 0x0000000084400000| Untracked 
|  69|0x0000000084500000, 0x0000000084600000, 0x0000000084600000|100%| O|  |TAMS 0x0000000084600000, 0x0000000084500000| Untracked 
|  70|0x0000000084600000, 0x0000000084700000, 0x0000000084700000|100%|HS|  |TAMS 0x0000000084700000, 0x0000000084600000| Complete 
|  71|0x0000000084700000, 0x0000000084800000, 0x0000000084800000|100%|HC|  |TAMS 0x0000000084800000, 0x0000000084700000| Complete 
|  72|0x0000000084800000, 0x0000000084900000, 0x0000000084900000|100%| O|  |TAMS 0x0000000084900000, 0x0000000084800000| Untracked 
|  73|0x0000000084900000, 0x0000000084a00000, 0x0000000084a00000|100%| O|  |TAMS 0x0000000084a00000, 0x0000000084900000| Untracked 
|  74|0x0000000084a00000, 0x0000000084b00000, 0x0000000084b00000|100%| O|  |TAMS 0x0000000084b00000, 0x0000000084a00000| Untracked 
|  75|0x0000000084b00000, 0x0000000084c00000, 0x0000000084c00000|100%| O|  |TAMS 0x0000000084c00000, 0x0000000084b00000| Untracked 
|  76|0x0000000084c00000, 0x0000000084d00000, 0x0000000084d00000|100%| O|  |TAMS 0x0000000084d00000, 0x0000000084c00000| Untracked 
|  77|0x0000000084d00000, 0x0000000084e00000, 0x0000000084e00000|100%| O|  |TAMS 0x0000000084e00000, 0x0000000084d00000| Untracked 
|  78|0x0000000084e00000, 0x0000000084f00000, 0x0000000084f00000|100%| O|  |TAMS 0x0000000084f00000, 0x0000000084e00000| Untracked 
|  79|0x0000000084f00000, 0x0000000085000000, 0x0000000085000000|100%| O|  |TAMS 0x0000000085000000, 0x0000000084f00000| Untracked 
|  80|0x0000000085000000, 0x0000000085100000, 0x0000000085100000|100%| O|  |TAMS 0x0000000085100000, 0x0000000085000000| Untracked 
|  81|0x0000000085100000, 0x0000000085200000, 0x0000000085200000|100%| O|  |TAMS 0x0000000085200000, 0x0000000085100000| Untracked 
|  82|0x0000000085200000, 0x0000000085300000, 0x0000000085300000|100%| O|  |TAMS 0x0000000085300000, 0x0000000085200000| Untracked 
|  83|0x0000000085300000, 0x0000000085400000, 0x0000000085400000|100%| O|  |TAMS 0x0000000085400000, 0x0000000085300000| Untracked 
|  84|0x0000000085400000, 0x0000000085500000, 0x0000000085500000|100%| O|  |TAMS 0x0000000085500000, 0x0000000085400000| Untracked 
|  85|0x0000000085500000, 0x0000000085600000, 0x0000000085600000|100%| O|  |TAMS 0x0000000085600000, 0x0000000085500000| Untracked 
|  86|0x0000000085600000, 0x0000000085700000, 0x0000000085700000|100%| O|  |TAMS 0x0000000085700000, 0x0000000085600000| Untracked 
|  87|0x0000000085700000, 0x0000000085800000, 0x0000000085800000|100%| O|  |TAMS 0x0000000085800000, 0x0000000085700000| Untracked 
|  88|0x0000000085800000, 0x0000000085900000, 0x0000000085900000|100%| O|  |TAMS 0x0000000085900000, 0x0000000085800000| Untracked 
|  89|0x0000000085900000, 0x0000000085946400, 0x0000000085a00000| 27%| O|  |TAMS 0x0000000085946400, 0x0000000085900000| Untracked 
|  90|0x0000000085a00000, 0x0000000085a00000, 0x0000000085b00000|  0%| F|  |TAMS 0x0000000085a00000, 0x0000000085a00000| Untracked 
|  91|0x0000000085b00000, 0x0000000085b00000, 0x0000000085c00000|  0%| F|  |TAMS 0x0000000085b00000, 0x0000000085b00000| Untracked 
|  92|0x0000000085c00000, 0x0000000085c00000, 0x0000000085d00000|  0%| F|  |TAMS 0x0000000085c00000, 0x0000000085c00000| Untracked 
|  93|0x0000000085d00000, 0x0000000085d00000, 0x0000000085e00000|  0%| F|  |TAMS 0x0000000085d00000, 0x0000000085d00000| Untracked 
|  94|0x0000000085e00000, 0x0000000085e00000, 0x0000000085f00000|  0%| F|  |TAMS 0x0000000085e00000, 0x0000000085e00000| Untracked 
|  95|0x0000000085f00000, 0x0000000085f00000, 0x0000000086000000|  0%| F|  |TAMS 0x0000000085f00000, 0x0000000085f00000| Untracked 
|  96|0x0000000086000000, 0x0000000086000000, 0x0000000086100000|  0%| F|  |TAMS 0x0000000086000000, 0x0000000086000000| Untracked 
|  97|0x0000000086100000, 0x0000000086100000, 0x0000000086200000|  0%| F|  |TAMS 0x0000000086100000, 0x0000000086100000| Untracked 
|  98|0x0000000086200000, 0x0000000086200000, 0x0000000086300000|  0%| F|  |TAMS 0x0000000086200000, 0x0000000086200000| Untracked 
|  99|0x0000000086300000, 0x0000000086300000, 0x0000000086400000|  0%| F|  |TAMS 0x0000000086300000, 0x0000000086300000| Untracked 
| 100|0x0000000086400000, 0x0000000086400000, 0x0000000086500000|  0%| F|  |TAMS 0x0000000086400000, 0x0000000086400000| Untracked 
| 101|0x0000000086500000, 0x0000000086500000, 0x0000000086600000|  0%| F|  |TAMS 0x0000000086500000, 0x0000000086500000| Untracked 
| 102|0x0000000086600000, 0x0000000086600000, 0x0000000086700000|  0%| F|  |TAMS 0x0000000086600000, 0x0000000086600000| Untracked 
| 103|0x0000000086700000, 0x0000000086700000, 0x0000000086800000|  0%| F|  |TAMS 0x0000000086700000, 0x0000000086700000| Untracked 
| 104|0x0000000086800000, 0x0000000086800000, 0x0000000086900000|  0%| F|  |TAMS 0x0000000086800000, 0x0000000086800000| Untracked 
| 105|0x0000000086900000, 0x0000000086900000, 0x0000000086a00000|  0%| F|  |TAMS 0x0000000086900000, 0x0000000086900000| Untracked 
| 106|0x0000000086a00000, 0x0000000086a00000, 0x0000000086b00000|  0%| F|  |TAMS 0x0000000086a00000, 0x0000000086a00000| Untracked 
| 107|0x0000000086b00000, 0x0000000086b00000, 0x0000000086c00000|  0%| F|  |TAMS 0x0000000086b00000, 0x0000000086b00000| Untracked 
| 108|0x0000000086c00000, 0x0000000086c00000, 0x0000000086d00000|  0%| F|  |TAMS 0x0000000086c00000, 0x0000000086c00000| Untracked 
| 109|0x0000000086d00000, 0x0000000086d00000, 0x0000000086e00000|  0%| F|  |TAMS 0x0000000086d00000, 0x0000000086d00000| Untracked 
| 110|0x0000000086e00000, 0x0000000086e00000, 0x0000000086f00000|  0%| F|  |TAMS 0x0000000086e00000, 0x0000000086e00000| Untracked 
| 111|0x0000000086f00000, 0x0000000086f00000, 0x0000000087000000|  0%| F|  |TAMS 0x0000000086f00000, 0x0000000086f00000| Untracked 
| 112|0x0000000087000000, 0x00000000870cc780, 0x0000000087100000| 79%| S|CS|TAMS 0x0000000087000000, 0x0000000087000000| Complete 
| 113|0x0000000087100000, 0x0000000087200000, 0x0000000087200000|100%| S|CS|TAMS 0x0000000087100000, 0x0000000087100000| Complete 
| 114|0x0000000087200000, 0x0000000087200000, 0x0000000087300000|  0%| F|  |TAMS 0x0000000087200000, 0x0000000087200000| Untracked 
| 115|0x0000000087300000, 0x0000000087300000, 0x0000000087400000|  0%| F|  |TAMS 0x0000000087300000, 0x0000000087300000| Untracked 
| 116|0x0000000087400000, 0x0000000087400000, 0x0000000087500000|  0%| F|  |TAMS 0x0000000087400000, 0x0000000087400000| Untracked 
| 117|0x0000000087500000, 0x0000000087500000, 0x0000000087600000|  0%| F|  |TAMS 0x0000000087500000, 0x0000000087500000| Untracked 
| 118|0x0000000087600000, 0x0000000087600000, 0x0000000087700000|  0%| F|  |TAMS 0x0000000087600000, 0x0000000087600000| Untracked 
| 119|0x0000000087700000, 0x0000000087700000, 0x0000000087800000|  0%| F|  |TAMS 0x0000000087700000, 0x0000000087700000| Untracked 
| 120|0x0000000087800000, 0x0000000087800000, 0x0000000087900000|  0%| F|  |TAMS 0x0000000087800000, 0x0000000087800000| Untracked 
| 121|0x0000000087900000, 0x0000000087900000, 0x0000000087a00000|  0%| F|  |TAMS 0x0000000087900000, 0x0000000087900000| Untracked 
| 122|0x0000000087a00000, 0x0000000087a00000, 0x0000000087b00000|  0%| F|  |TAMS 0x0000000087a00000, 0x0000000087a00000| Untracked 
| 123|0x0000000087b00000, 0x0000000087b00000, 0x0000000087c00000|  0%| F|  |TAMS 0x0000000087b00000, 0x0000000087b00000| Untracked 
| 124|0x0000000087c00000, 0x0000000087c00000, 0x0000000087d00000|  0%| F|  |TAMS 0x0000000087c00000, 0x0000000087c00000| Untracked 
| 125|0x0000000087d00000, 0x0000000087d00000, 0x0000000087e00000|  0%| F|  |TAMS 0x0000000087d00000, 0x0000000087d00000| Untracked 
| 126|0x0000000087e00000, 0x0000000087e00000, 0x0000000087f00000|  0%| F|  |TAMS 0x0000000087e00000, 0x0000000087e00000| Untracked 
| 127|0x0000000087f00000, 0x0000000087f00000, 0x0000000088000000|  0%| F|  |TAMS 0x0000000087f00000, 0x0000000087f00000| Untracked 
| 128|0x0000000088000000, 0x0000000088000000, 0x0000000088100000|  0%| F|  |TAMS 0x0000000088000000, 0x0000000088000000| Untracked 
| 129|0x0000000088100000, 0x0000000088100000, 0x0000000088200000|  0%| F|  |TAMS 0x0000000088100000, 0x0000000088100000| Untracked 

Card table byte_map: [0x000001df51e00000,0x000001df52200000] _byte_map_base: 0x000001df51a00000

Marking Bits (Prev, Next): (CMBitMap*) 0x000001df3d164860, (CMBitMap*) 0x000001df3d164828
 Prev Bits: [0x000001df54600000, 0x000001df56600000)
 Next Bits: [0x000001df52600000, 0x000001df54600000)

Polling page: 0x000001df3cf30000

Metaspace:

Usage:
  Non-class:     67.27 MB capacity,    66.09 MB ( 98%) used,  1021.03 KB (  1%) free+waste,   195.50 KB ( <1%) overhead. 
      Class:     10.38 MB capacity,     9.72 MB ( 94%) used,   587.92 KB (  6%) free+waste,    90.75 KB ( <1%) overhead. 
       Both:     77.65 MB capacity,    75.80 MB ( 98%) used,     1.57 MB (  2%) free+waste,   286.25 KB ( <1%) overhead. 

Virtual space:
  Non-class space:       68.00 MB reserved,      67.42 MB (>99%) committed 
      Class space:        1.00 GB reserved,      10.50 MB (  1%) committed 
             Both:        1.07 GB reserved,      77.92 MB (  7%) committed 

Chunk freelists:
   Non-Class:  24.00 KB
       Class:  27.00 KB
        Both:  51.00 KB

MaxMetaspaceSize: 17179869184.00 GB
CompressedClassSpaceSize: 1.00 GB

CodeHeap 'non-profiled nmethods': size=120064Kb used=5387Kb max_used=5387Kb free=114676Kb
 bounds [0x000001df49ea0000, 0x000001df4a3f0000, 0x000001df513e0000]
CodeHeap 'profiled nmethods': size=120000Kb used=18377Kb max_used=18377Kb free=101622Kb
 bounds [0x000001df42970000, 0x000001df43b70000, 0x000001df49ea0000]
CodeHeap 'non-nmethods': size=5696Kb used=2267Kb max_used=2304Kb free=3428Kb
 bounds [0x000001df423e0000, 0x000001df42650000, 0x000001df42970000]
 total_blobs=9291 nmethods=8413 adapters=790
 compilation: enabled
              stopped_count=0, restarted_count=0
 full_count=0

Compilation events (20 events):
Event: 64.429 Thread 0x000001df58c24000 nmethod 8500 0x000001df43b5d410 code [0x000001df43b5d5c0, 0x000001df43b5d788]
Event: 64.429 Thread 0x000001df5eddb800 8484       4       com.google.common.collect.RegularImmutableSet::iterator (5 bytes)
Event: 64.431 Thread 0x000001df58c24000 8502       1       org.gradle.api.internal.DefaultNamedDomainObjectCollection::getInstantiator (5 bytes)
Event: 64.431 Thread 0x000001df58c24000 nmethod 8502 0x000001df4a3e0710 code [0x000001df4a3e08c0, 0x000001df4a3e0978]
Event: 64.434 Thread 0x000001df5eddb800 nmethod 8484 0x000001df4a3e0a10 code [0x000001df4a3e0bc0, 0x000001df4a3e0d58]
Event: 64.435 Thread 0x000001df5eddb800 8448       4       org.objectweb.asm.Type::getDescriptor (93 bytes)
Event: 64.436 Thread 0x000001df58c24000 8503       1       com.android.build.api.artifact.Artifact::getKind (5 bytes)
Event: 64.436 Thread 0x000001df58c24000 nmethod 8503 0x000001df4a3e0e90 code [0x000001df4a3e1040, 0x000001df4a3e10f8]
Event: 64.471 Thread 0x000001df58c24000 8504       3       org.gradle.api.internal.DefaultNamedDomainObjectCollection$AbstractDomainObjectCreatingProvider::getName (5 bytes)
Event: 64.472 Thread 0x000001df58c24000 nmethod 8504 0x000001df43b5d810 code [0x000001df43b5d9c0, 0x000001df43b5dad8]
Event: 64.474 Thread 0x000001df5eddb800 nmethod 8448 0x000001df4a3e1190 code [0x000001df4a3e13c0, 0x000001df4a3e1fa0]
Event: 64.474 Thread 0x000001df5eddb800 8462       4       org.objectweb.asm.MethodVisitor::<init> (94 bytes)
Event: 64.478 Thread 0x000001df5eddb800 nmethod 8462 0x000001df4a3e2690 code [0x000001df4a3e2820, 0x000001df4a3e2998]
Event: 64.478 Thread 0x000001df5eddb800 8501       4       java.util.HashMap::afterNodeRemoval (1 bytes)
Event: 64.478 Thread 0x000001df5eddb800 nmethod 8501 0x000001df4a3e2a90 code [0x000001df4a3e2c20, 0x000001df4a3e2c78]
Event: 64.493 Thread 0x000001df58c24000 8505       3       com.android.utils.StringHelper::appendCapitalized (309 bytes)
Event: 64.498 Thread 0x000001df58c24000 nmethod 8505 0x000001df43b5db90 code [0x000001df43b5e120, 0x000001df43b60628]
Event: 64.500 Thread 0x000001df5eddb800 8506       4       org.gradle.internal.util.Trie::find (135 bytes)
Event: 64.503 Thread 0x000001df58c24000 8507       3       org.gradle.api.internal.file.DefaultFilePropertyFactory$AbstractFileVar::<init> (7 bytes)
Event: 64.504 Thread 0x000001df58c24000 nmethod 8507 0x000001df43b61410 code [0x000001df43b61680, 0x000001df43b622a8]

GC Heap History (20 events):
Event: 59.049 GC heap after
{Heap after GC invocations=91 (full 0):
 garbage-first heap   total 110592K, used 87497K [0x0000000080000000, 0x0000000100000000)
  region size 1024K, 1 young (1024K), 1 survivors (1024K)
 Metaspace       used 71415K, capacity 73187K, committed 73392K, reserved 1114112K
  class space    used 9078K, capacity 9719K, committed 9728K, reserved 1048576K
}
Event: 59.515 GC heap before
{Heap before GC invocations=91 (full 0):
 garbage-first heap   total 110592K, used 93641K [0x0000000080000000, 0x0000000100000000)
  region size 1024K, 7 young (7168K), 1 survivors (1024K)
 Metaspace       used 72214K, capacity 73978K, committed 74032K, reserved 1114112K
  class space    used 9182K, capacity 9833K, committed 9856K, reserved 1048576K
}
Event: 59.520 GC heap after
{Heap after GC invocations=92 (full 0):
 garbage-first heap   total 110592K, used 87436K [0x0000000080000000, 0x0000000100000000)
  region size 1024K, 1 young (1024K), 1 survivors (1024K)
 Metaspace       used 72214K, capacity 73978K, committed 74032K, reserved 1114112K
  class space    used 9182K, capacity 9833K, committed 9856K, reserved 1048576K
}
Event: 59.923 GC heap before
{Heap before GC invocations=93 (full 0):
 garbage-first heap   total 110592K, used 92556K [0x0000000080000000, 0x0000000100000000)
  region size 1024K, 7 young (7168K), 1 survivors (1024K)
 Metaspace       used 72714K, capacity 74445K, committed 74672K, reserved 1114112K
  class space    used 9258K, capacity 9903K, committed 9984K, reserved 1048576K
}
Event: 59.927 GC heap after
{Heap after GC invocations=94 (full 0):
 garbage-first heap   total 110592K, used 87563K [0x0000000080000000, 0x0000000100000000)
  region size 1024K, 1 young (1024K), 1 survivors (1024K)
 Metaspace       used 72714K, capacity 74445K, committed 74672K, reserved 1114112K
  class space    used 9258K, capacity 9903K, committed 9984K, reserved 1048576K
}
Event: 60.513 GC heap before
{Heap before GC invocations=94 (full 0):
 garbage-first heap   total 110592K, used 93707K [0x0000000080000000, 0x0000000100000000)
  region size 1024K, 7 young (7168K), 1 survivors (1024K)
 Metaspace       used 73396K, capacity 75187K, committed 75312K, reserved 1114112K
  class space    used 9341K, capacity 10001K, committed 10112K, reserved 1048576K
}
Event: 60.518 GC heap after
{Heap after GC invocations=95 (full 0):
 garbage-first heap   total 110592K, used 87773K [0x0000000080000000, 0x0000000100000000)
  region size 1024K, 1 young (1024K), 1 survivors (1024K)
 Metaspace       used 73396K, capacity 75187K, committed 75312K, reserved 1114112K
  class space    used 9341K, capacity 10001K, committed 10112K, reserved 1048576K
}
Event: 60.946 GC heap before
{Heap before GC invocations=96 (full 0):
 garbage-first heap   total 110592K, used 93917K [0x0000000080000000, 0x0000000100000000)
  region size 1024K, 7 young (7168K), 1 survivors (1024K)
 Metaspace       used 73642K, capacity 75445K, committed 75568K, reserved 1114112K
  class space    used 9358K, capacity 10001K, committed 10112K, reserved 1048576K
}
Event: 60.951 GC heap after
{Heap after GC invocations=97 (full 0):
 garbage-first heap   total 110592K, used 88126K [0x0000000080000000, 0x0000000100000000)
  region size 1024K, 1 young (1024K), 1 survivors (1024K)
 Metaspace       used 73642K, capacity 75445K, committed 75568K, reserved 1114112K
  class space    used 9358K, capacity 10001K, committed 10112K, reserved 1048576K
}
Event: 61.225 GC heap before
{Heap before GC invocations=97 (full 0):
 garbage-first heap   total 110592K, used 94270K [0x0000000080000000, 0x0000000100000000)
  region size 1024K, 7 young (7168K), 1 survivors (1024K)
 Metaspace       used 73977K, capacity 75733K, committed 75824K, reserved 1116160K
  class space    used 9400K, capacity 10033K, committed 10112K, reserved 1048576K
}
Event: 61.231 GC heap after
{Heap after GC invocations=98 (full 0):
 garbage-first heap   total 110592K, used 88559K [0x0000000080000000, 0x0000000100000000)
  region size 1024K, 1 young (1024K), 1 survivors (1024K)
 Metaspace       used 73977K, capacity 75733K, committed 75824K, reserved 1116160K
  class space    used 9400K, capacity 10033K, committed 10112K, reserved 1048576K
}
Event: 62.126 GC heap before
{Heap before GC invocations=99 (full 0):
 garbage-first heap   total 110592K, used 94703K [0x0000000080000000, 0x0000000100000000)
  region size 1024K, 7 young (7168K), 1 survivors (1024K)
 Metaspace       used 74219K, capacity 76067K, committed 76336K, reserved 1116160K
  class space    used 9422K, capacity 10077K, committed 10112K, reserved 1048576K
}
Event: 62.132 GC heap after
{Heap after GC invocations=100 (full 0):
 garbage-first heap   total 133120K, used 88933K [0x0000000080000000, 0x0000000100000000)
  region size 1024K, 1 young (1024K), 1 survivors (1024K)
 Metaspace       used 74219K, capacity 76067K, committed 76336K, reserved 1116160K
  class space    used 9422K, capacity 10077K, committed 10112K, reserved 1048576K
}
Event: 62.515 GC heap before
{Heap before GC invocations=100 (full 0):
 garbage-first heap   total 133120K, used 103269K [0x0000000080000000, 0x0000000100000000)
  region size 1024K, 15 young (15360K), 1 survivors (1024K)
 Metaspace       used 74339K, capacity 76169K, committed 76336K, reserved 1116160K
  class space    used 9449K, capacity 10111K, committed 10112K, reserved 1048576K
}
Event: 62.524 GC heap after
{Heap after GC invocations=101 (full 0):
 garbage-first heap   total 133120K, used 90063K [0x0000000080000000, 0x0000000100000000)
  region size 1024K, 2 young (2048K), 2 survivors (2048K)
 Metaspace       used 74339K, capacity 76169K, committed 76336K, reserved 1116160K
  class space    used 9449K, capacity 10111K, committed 10112K, reserved 1048576K
}
Event: 62.915 GC heap before
{Heap before GC invocations=102 (full 0):
 garbage-first heap   total 133120K, used 104399K [0x0000000080000000, 0x0000000100000000)
  region size 1024K, 16 young (16384K), 2 survivors (2048K)
 Metaspace       used 74390K, capacity 76268K, committed 76464K, reserved 1116160K
  class space    used 9456K, capacity 10145K, committed 10240K, reserved 1048576K
}
Event: 62.924 GC heap after
{Heap after GC invocations=103 (full 0):
 garbage-first heap   total 133120K, used 91420K [0x0000000080000000, 0x0000000100000000)
  region size 1024K, 2 young (2048K), 2 survivors (2048K)
 Metaspace       used 74390K, capacity 76268K, committed 76464K, reserved 1116160K
  class space    used 9456K, capacity 10145K, committed 10240K, reserved 1048576K
}
Event: 63.601 GC heap before
{Heap before GC invocations=103 (full 0):
 garbage-first heap   total 133120K, used 105756K [0x0000000080000000, 0x0000000100000000)
  region size 1024K, 16 young (16384K), 2 survivors (2048K)
 Metaspace       used 75774K, capacity 77650K, committed 77872K, reserved 1116160K
  class space    used 9616K, capacity 10307K, committed 10368K, reserved 1048576K
}
Event: 63.608 GC heap after
{Heap after GC invocations=104 (full 0):
 garbage-first heap   total 133120K, used 92509K [0x0000000080000000, 0x0000000100000000)
  region size 1024K, 2 young (2048K), 2 survivors (2048K)
 Metaspace       used 75774K, capacity 77650K, committed 77872K, reserved 1116160K
  class space    used 9616K, capacity 10307K, committed 10368K, reserved 1048576K
}
Event: 64.509 GC heap before
{Heap before GC invocations=105 (full 0):
 garbage-first heap   total 133120K, used 106845K [0x0000000080000000, 0x0000000100000000)
  region size 1024K, 16 young (16384K), 2 survivors (2048K)
 Metaspace       used 77621K, capacity 79517K, committed 79792K, reserved 1118208K
  class space    used 9950K, capacity 10629K, committed 10752K, reserved 1048576K
}

Deoptimization events (20 events):
Event: 62.528 Thread 0x000001df5b0c8800 DEOPT PACKING pc=0x000001df4a3b90a0 sp=0x00000009872f3da0
Event: 62.528 Thread 0x000001df5b0c8800 DEOPT UNPACKING pc=0x000001df424062a9 sp=0x00000009872f3d38 mode 2
Event: 62.778 Thread 0x000001df5b0c8800 Uncommon trap: trap_request=0xfffffff4 fr.pc=0x000001df4a3c3ca0 relative=0x0000000000000160
Event: 62.778 Thread 0x000001df5b0c8800 Uncommon trap: reason=null_check action=make_not_entrant pc=0x000001df4a3c3ca0 method=java.lang.PublicMethods$MethodList.getMostSpecific()Ljava/lang/reflect/Method; @ 41 c2
Event: 62.778 Thread 0x000001df5b0c8800 DEOPT PACKING pc=0x000001df4a3c3ca0 sp=0x00000009872f35d0
Event: 62.778 Thread 0x000001df5b0c8800 DEOPT UNPACKING pc=0x000001df424062a9 sp=0x00000009872f3548 mode 2
Event: 62.847 Thread 0x000001df5b0c8800 Uncommon trap: trap_request=0xffffff4d fr.pc=0x000001df4a179c6c relative=0x000000000000710c
Event: 62.847 Thread 0x000001df5b0c8800 Uncommon trap: reason=unstable_if action=reinterpret pc=0x000001df4a179c6c method=org.codehaus.groovy.runtime.metaclass.MetaMethodIndex.isOverridden(Lgroovy/lang/MetaMethod;Lgroovy/lang/MetaMethod;)Z @ 33 c2
Event: 62.847 Thread 0x000001df5b0c8800 DEOPT PACKING pc=0x000001df4a179c6c sp=0x00000009872f49b0
Event: 62.847 Thread 0x000001df5b0c8800 DEOPT UNPACKING pc=0x000001df424062a9 sp=0x00000009872f48f8 mode 2
Event: 62.847 Thread 0x000001df5b0c8800 Uncommon trap: trap_request=0xffffff4d fr.pc=0x000001df4a1a8e34 relative=0x0000000000003674
Event: 62.847 Thread 0x000001df5b0c8800 Uncommon trap: reason=unstable_if action=reinterpret pc=0x000001df4a1a8e34 method=org.codehaus.groovy.runtime.metaclass.MetaMethodIndex.isOverridden(Lgroovy/lang/MetaMethod;Lgroovy/lang/MetaMethod;)Z @ 33 c2
Event: 62.847 Thread 0x000001df5b0c8800 DEOPT PACKING pc=0x000001df4a1a8e34 sp=0x00000009872f4920
Event: 62.847 Thread 0x000001df5b0c8800 DEOPT UNPACKING pc=0x000001df424062a9 sp=0x00000009872f48f0 mode 2
Event: 62.870 Thread 0x000001df5b0c8800 Uncommon trap: trap_request=0xfffffff4 fr.pc=0x000001df4a3c1fbc relative=0x000000000000091c
Event: 62.870 Thread 0x000001df5b0c8800 Uncommon trap: reason=null_check action=make_not_entrant pc=0x000001df4a3c1fbc method=com.sun.beans.introspect.MethodInfo$MethodOrder.compare(Ljava/lang/reflect/Method;Ljava/lang/reflect/Method;)I @ 145 c2
Event: 62.870 Thread 0x000001df5b0c8800 DEOPT PACKING pc=0x000001df4a3c1fbc sp=0x00000009872f2670
Event: 62.870 Thread 0x000001df5b0c8800 DEOPT UNPACKING pc=0x000001df424062a9 sp=0x00000009872f2610 mode 2
Event: 63.066 Thread 0x000001df5b0c8800 DEOPT PACKING pc=0x000001df42fb2411 sp=0x00000009872f8ce0
Event: 63.066 Thread 0x000001df5b0c8800 DEOPT UNPACKING pc=0x000001df424066bf sp=0x00000009872f81b8 mode 0

Classes redefined (0 events):
No events

Internal exceptions (20 events):
Event: 62.870 Thread 0x000001df5b0c8800 Implicit null exception at 0x000001df4a3c1bde to 0x000001df4a3c1fac
Event: 62.874 Thread 0x000001df5b0c8800 Exception <a 'java/lang/ClassNotFoundException'{0x00000000876e8fc8}: com/android/build/gradle/internal/dsl/BuildTypeCustomizer> (0x00000000876e8fc8) thrown at [./src/hotspot/share/classfile/systemDictionary.cpp, line 231]
Event: 62.885 Thread 0x000001df5b0c8800 Exception <a 'java/lang/ClassNotFoundException'{0x0000000087580ad8}: com/android/build/gradle/internal/dsl/BuildType$AgpDecoratedCustomizer> (0x0000000087580ad8) thrown at [./src/hotspot/share/classfile/systemDictionary.cpp, line 231]
Event: 62.890 Thread 0x000001df5b0c8800 Exception <a 'java/lang/ClassNotFoundException'{0x00000000875d0f00}: com/android/build/gradle/internal/dsl/BuildType$AgpDecorated_DecoratedCustomizer> (0x00000000875d0f00) thrown at [./src/hotspot/share/classfile/systemDictionary.cpp, line 231]
Event: 62.903 Thread 0x000001df5b0c8800 Exception <a 'java/lang/ClassNotFoundException'{0x000000008749a030}: build_50lfte99g5jxjth76x5w9g0na$_run_closure1$_closure4BeanInfo> (0x000000008749a030) thrown at [./src/hotspot/share/classfile/systemDictionary.cpp, line 231]
Event: 62.904 Thread 0x000001df5b0c8800 Exception <a 'java/lang/ClassNotFoundException'{0x00000000874ac4d8}: build_50lfte99g5jxjth76x5w9g0na$_run_closure1$_closure4Customizer> (0x00000000874ac4d8) thrown at [./src/hotspot/share/classfile/systemDictionary.cpp, line 231]
Event: 62.908 Thread 0x000001df5b0c8800 Exception <a 'java/lang/ClassNotFoundException'{0x00000000874d6da8}: build_50lfte99g5jxjth76x5w9g0na$_run_closure1BeanInfo> (0x00000000874d6da8) thrown at [./src/hotspot/share/classfile/systemDictionary.cpp, line 231]
Event: 62.910 Thread 0x000001df5b0c8800 Exception <a 'java/lang/ClassNotFoundException'{0x00000000874e8688}: build_50lfte99g5jxjth76x5w9g0na$_run_closure1Customizer> (0x00000000874e8688) thrown at [./src/hotspot/share/classfile/systemDictionary.cpp, line 231]
Event: 62.931 Thread 0x000001df5b0c8800 Exception <a 'java/lang/ClassNotFoundException'{0x00000000881491d8}: org/gradle/api/JavaVersionBeanInfo> (0x00000000881491d8) thrown at [./src/hotspot/share/classfile/systemDictionary.cpp, line 231]
Event: 62.935 Thread 0x000001df5b0c8800 Exception <a 'java/lang/ClassNotFoundException'{0x0000000088174b90}: org/gradle/api/JavaVersionCustomizer> (0x0000000088174b90) thrown at [./src/hotspot/share/classfile/systemDictionary.cpp, line 231]
Event: 62.949 Thread 0x000001df5b0c8800 Exception <a 'java/lang/ClassNotFoundException'{0x00000000881de948}: com/android/build/gradle/internal/CompileOptions$AgpDecorated_DecoratedBeanInfo> (0x00000000881de948) thrown at [./src/hotspot/share/classfile/systemDictionary.cpp, line 231]
Event: 62.951 Thread 0x000001df5b0c8800 Exception <a 'java/lang/ClassNotFoundException'{0x00000000881fc1b8}: com/android/build/gradle/internal/CompileOptions$AgpDecoratedBeanInfo> (0x00000000881fc1b8) thrown at [./src/hotspot/share/classfile/systemDictionary.cpp, line 231]
Event: 62.954 Thread 0x000001df5b0c8800 Exception <a 'java/lang/ClassNotFoundException'{0x00000000880180a8}: com/android/build/gradle/internal/CompileOptionsBeanInfo> (0x00000000880180a8) thrown at [./src/hotspot/share/classfile/systemDictionary.cpp, line 231]
Event: 62.958 Thread 0x000001df5b0c8800 Exception <a 'java/lang/ClassNotFoundException'{0x0000000088033c98}: com/android/build/gradle/internal/CompileOptionsCustomizer> (0x0000000088033c98) thrown at [./src/hotspot/share/classfile/systemDictionary.cpp, line 231]
Event: 62.961 Thread 0x000001df5b0c8800 Exception <a 'java/lang/ClassNotFoundException'{0x000000008805d6c0}: com/android/build/gradle/internal/CompileOptions$AgpDecoratedCustomizer> (0x000000008805d6c0) thrown at [./src/hotspot/share/classfile/systemDictionary.cpp, line 231]
Event: 62.964 Thread 0x000001df5b0c8800 Exception <a 'java/lang/ClassNotFoundException'{0x000000008808abc0}: com/android/build/gradle/internal/CompileOptions$AgpDecorated_DecoratedCustomizer> (0x000000008808abc0) thrown at [./src/hotspot/share/classfile/systemDictionary.cpp, line 231]
Event: 63.017 Thread 0x000001df5b0c8800 Exception <a 'java/lang/ClassNotFoundException'{0x0000000087fe39e0}: org/jetbrains/kotlin/gradle/dsl/KotlinJvmOptionsImplBeanInfo> (0x0000000087fe39e0) thrown at [./src/hotspot/share/classfile/systemDictionary.cpp, line 231]
Event: 63.019 Thread 0x000001df5b0c8800 Exception <a 'java/lang/ClassNotFoundException'{0x0000000087fffa10}: org/jetbrains/kotlin/gradle/dsl/KotlinJvmOptionsBaseBeanInfo> (0x0000000087fffa10) thrown at [./src/hotspot/share/classfile/systemDictionary.cpp, line 231]
Event: 63.022 Thread 0x000001df5b0c8800 Exception <a 'java/lang/ClassNotFoundException'{0x0000000087e1bef0}: org/jetbrains/kotlin/gradle/dsl/KotlinJvmOptionsBaseCustomizer> (0x0000000087e1bef0) thrown at [./src/hotspot/share/classfile/systemDictionary.cpp, line 231]
Event: 63.026 Thread 0x000001df5b0c8800 Exception <a 'java/lang/ClassNotFoundException'{0x0000000087e52190}: org/jetbrains/kotlin/gradle/dsl/KotlinJvmOptionsImplCustomizer> (0x0000000087e52190) thrown at [./src/hotspot/share/classfile/systemDictionary.cpp, line 231]

Events (20 events):
Event: 64.495 loading class com/android/build/gradle/internal/TaskManager$createPackagingTask$2 done
Event: 64.496 loading class com/android/build/gradle/internal/tasks/featuresplit/PackagedDependenciesWriterTask
Event: 64.496 loading class com/android/build/gradle/internal/tasks/featuresplit/PackagedDependenciesWriterTask done
Event: 64.498 loading class com/android/build/gradle/internal/tasks/featuresplit/PackagedDependenciesWriterTask$CreationAction$handleProvider$1
Event: 64.498 loading class com/android/build/gradle/internal/tasks/featuresplit/PackagedDependenciesWriterTask$CreationAction$handleProvider$1 done
Event: 64.500 loading class com/android/build/gradle/internal/tasks/ApkZipPackagingTask
Event: 64.500 loading class com/android/build/gradle/internal/tasks/ApkZipPackagingTask done
Event: 64.502 loading class com/android/build/gradle/internal/tasks/ApkZipPackagingTask$CreationAction$handleProvider$1
Event: 64.502 loading class com/android/build/gradle/internal/tasks/ApkZipPackagingTask$CreationAction$handleProvider$1 done
Event: 64.503 loading class com/android/build/gradle/tasks/sync/ApplicationVariantModelTask$CreationAction
Event: 64.503 loading class com/android/build/gradle/tasks/sync/ApplicationVariantModelTask$CreationAction done
Event: 64.504 loading class com/android/build/gradle/tasks/sync/ApplicationVariantModelTask
Event: 64.504 loading class com/android/build/gradle/tasks/sync/ApplicationVariantModelTask done
Event: 64.506 loading class com/android/build/gradle/tasks/sync/ApplicationVariantModelTask$Companion
Event: 64.506 loading class com/android/build/gradle/tasks/sync/ApplicationVariantModelTask$Companion done
Event: 64.507 loading class com/android/build/gradle/tasks/sync/ApplicationVariantModelTask$CreationAction$handleProvider$1
Event: 64.507 loading class com/android/build/gradle/tasks/sync/ApplicationVariantModelTask$CreationAction$handleProvider$1 done
Event: 64.509 loading class com/android/build/gradle/internal/scope/InternalArtifactType$VARIANT_MODEL
Event: 64.509 loading class com/android/build/gradle/internal/scope/InternalArtifactType$VARIANT_MODEL done
Event: 64.509 Executing VM operation: G1CollectForAllocation


Dynamic libraries:
0x00007ff7a2d80000 - 0x00007ff7a2d8a000 	D:\Alondra\programs\Android Studio\jre\bin\java.exe
0x00007ff895540000 - 0x00007ff895701000 	C:\Windows\SYSTEM32\ntdll.dll
0x00007ff892ef0000 - 0x00007ff892f9d000 	C:\Windows\system32\KERNEL32.DLL
0x00007ff8926f0000 - 0x00007ff8928d8000 	C:\Windows\system32\KERNELBASE.dll
0x00007ff86ef20000 - 0x00007ff86ef39000 	D:\Alondra\programs\Android Studio\jre\bin\jli.dll
0x00007ff86ef00000 - 0x00007ff86ef17000 	D:\Alondra\programs\Android Studio\jre\bin\VCRUNTIME140.dll
0x00007ff890d00000 - 0x00007ff890df4000 	C:\Windows\SYSTEM32\ucrtbase.dll
0x00007ff893040000 - 0x00007ff893196000 	C:\Windows\system32\USER32.dll
0x00007ff894f10000 - 0x00007ff895096000 	C:\Windows\system32\GDI32.dll
0x00007ff87cae0000 - 0x00007ff87cd54000 	C:\Windows\WinSxS\amd64_microsoft.windows.common-controls_6595b64144ccf1df_6.0.10586.0_none_8c15ae12515e1c22\COMCTL32.dll
0x00007ff892fa0000 - 0x00007ff89303d000 	C:\Windows\system32\msvcrt.dll
0x00007ff8950a0000 - 0x00007ff89531d000 	C:\Windows\system32\combase.dll
0x00007ff893540000 - 0x00007ff89365c000 	C:\Windows\system32\RPCRT4.dll
0x00007ff8924b0000 - 0x00007ff89251a000 	C:\Windows\system32\bcryptPrimitives.dll
0x00007ff893860000 - 0x00007ff89389b000 	C:\Windows\system32\IMM32.DLL
0x00007ff86ee60000 - 0x00007ff86eefd000 	D:\Alondra\programs\Android Studio\jre\bin\msvcp140.dll
0x00007ff85c770000 - 0x00007ff85d245000 	D:\Alondra\programs\Android Studio\jre\bin\server\jvm.dll
0x00007ff8929b0000 - 0x00007ff892a57000 	C:\Windows\system32\ADVAPI32.dll
0x00007ff8933b0000 - 0x00007ff89340b000 	C:\Windows\system32\sechost.dll
0x00007ff893520000 - 0x00007ff893528000 	C:\Windows\system32\PSAPI.DLL
0x00007ff882220000 - 0x00007ff882229000 	C:\Windows\SYSTEM32\WSOCK32.dll
0x00007ff88e470000 - 0x00007ff88e47a000 	C:\Windows\SYSTEM32\VERSION.dll
0x00007ff88fcf0000 - 0x00007ff88fd13000 	C:\Windows\SYSTEM32\WINMM.dll
0x00007ff8937f0000 - 0x00007ff89385b000 	C:\Windows\system32\WS2_32.dll
0x00007ff88fc70000 - 0x00007ff88fc9c000 	C:\Windows\SYSTEM32\WINMMBASE.dll
0x00007ff892460000 - 0x00007ff8924a3000 	C:\Windows\system32\cfgmgr32.dll
0x00007ff891bd0000 - 0x00007ff891bdf000 	C:\Windows\system32\kernel.appcore.dll
0x00007ff865510000 - 0x00007ff865521000 	D:\Alondra\programs\Android Studio\jre\bin\verify.dll
0x00007ff88f400000 - 0x00007ff88f58c000 	C:\Windows\SYSTEM32\DBGHELP.DLL
0x00007ff876740000 - 0x00007ff876765000 	C:\Windows\SYSTEM32\dbgcore.DLL
0x00007ff860570000 - 0x00007ff860599000 	D:\Alondra\programs\Android Studio\jre\bin\java.dll
0x00007ff8801f0000 - 0x00007ff8801fb000 	D:\Alondra\programs\Android Studio\jre\bin\jimage.dll
0x00007ff85ff80000 - 0x00007ff85ff98000 	D:\Alondra\programs\Android Studio\jre\bin\zip.dll
0x00007ff8939b0000 - 0x00007ff894f0f000 	C:\Windows\system32\SHELL32.dll
0x00007ff891e10000 - 0x00007ff892454000 	C:\Windows\system32\windows.storage.dll
0x00007ff8931a0000 - 0x00007ff8931f2000 	C:\Windows\system32\shlwapi.dll
0x00007ff891cc0000 - 0x00007ff891d75000 	C:\Windows\system32\shcore.dll
0x00007ff891b80000 - 0x00007ff891bcb000 	C:\Windows\system32\powrprof.dll
0x00007ff891b60000 - 0x00007ff891b74000 	C:\Windows\system32\profapi.dll
0x00007ff85ff60000 - 0x00007ff85ff7a000 	D:\Alondra\programs\Android Studio\jre\bin\net.dll
0x00007ff88bdf0000 - 0x00007ff88beb8000 	C:\Windows\SYSTEM32\WINHTTP.dll
0x00007ff891430000 - 0x00007ff89148c000 	C:\Windows\system32\mswsock.dll
0x00007ff85ff40000 - 0x00007ff85ff54000 	D:\Alondra\programs\Android Studio\jre\bin\nio.dll
0x00007ff88aac0000 - 0x00007ff88aae7000 	C:\Users\Alondra\.gradle\native\e1d6ef7f7dcc3fd88c89a11ec53ec762bb8ba0a96d01ffa2cd45eb1d1d8dd5c5\windows-amd64\native-platform.dll
0x00007ff87fde0000 - 0x00007ff87fdea000 	D:\Alondra\programs\Android Studio\jre\bin\management.dll
0x00007ff87fc70000 - 0x00007ff87fc7d000 	D:\Alondra\programs\Android Studio\jre\bin\management_ext.dll
0x00007ff8914e0000 - 0x00007ff8914f7000 	C:\Windows\SYSTEM32\CRYPTSP.dll
0x00007ff891170000 - 0x00007ff8911a4000 	C:\Windows\system32\rsaenh.dll
0x00007ff891aa0000 - 0x00007ff891ac9000 	C:\Windows\SYSTEM32\bcrypt.dll
0x00007ff8912c0000 - 0x00007ff8912df000 	C:\Windows\SYSTEM32\USERENV.dll
0x00007ff891600000 - 0x00007ff89160b000 	C:\Windows\SYSTEM32\CRYPTBASE.dll
0x00007ff888980000 - 0x00007ff8889b8000 	C:\Windows\SYSTEM32\IPHLPAPI.DLL
0x00007ff893530000 - 0x00007ff893538000 	C:\Windows\system32\NSI.dll
0x00007ff888500000 - 0x00007ff888516000 	C:\Windows\SYSTEM32\dhcpcsvc6.DLL
0x00007ff8884e0000 - 0x00007ff8884fa000 	C:\Windows\SYSTEM32\dhcpcsvc.DLL

dbghelp: loaded successfully - version: 4.0.5 - missing functions: none
symbol engine: initialized successfully - sym options: 0x614 - pdb path: .;D:\Alondra\programs\Android Studio\jre\bin;C:\Windows\SYSTEM32;C:\Windows\WinSxS\amd64_microsoft.windows.common-controls_6595b64144ccf1df_6.0.10586.0_none_8c15ae12515e1c22;D:\Alondra\programs\Android Studio\jre\bin\server;C:\Users\Alondra\.gradle\native\e1d6ef7f7dcc3fd88c89a11ec53ec762bb8ba0a96d01ffa2cd45eb1d1d8dd5c5\windows-amd64

VM Arguments:
jvm_args: --add-opens=java.base/java.util=ALL-UNNAMED --add-opens=java.base/java.lang=ALL-UNNAMED --add-opens=java.base/java.lang.invoke=ALL-UNNAMED --add-opens=java.base/java.util=ALL-UNNAMED --add-opens=java.prefs/java.util.prefs=ALL-UNNAMED --add-opens=java.prefs/java.util.prefs=ALL-UNNAMED --add-opens=java.base/java.nio.charset=ALL-UNNAMED --add-opens=java.base/java.net=ALL-UNNAMED --add-opens=java.base/java.util.concurrent.atomic=ALL-UNNAMED -Xmx2048m -Dfile.encoding=UTF-8 -Duser.country=419 -Duser.language=es -Duser.variant 
java_command: org.gradle.launcher.daemon.bootstrap.GradleDaemon 7.2
java_class_path (initial): C:\Users\Alondra\.gradle\wrapper\dists\gradle-7.2-bin\2dnblmf4td7x66yl1d74lt32g\gradle-7.2\lib\gradle-launcher-7.2.jar
Launcher Type: SUN_STANDARD

[Global flags]
     intx CICompilerCount                          = 3                                         {product} {ergonomic}
     uint ConcGCThreads                            = 1                                         {product} {ergonomic}
     uint G1ConcRefinementThreads                  = 4                                         {product} {ergonomic}
   size_t G1HeapRegionSize                         = 1048576                                   {product} {ergonomic}
    uintx GCDrainStackTargetSize                   = 64                                        {product} {ergonomic}
   size_t InitialHeapSize                          = 65011712                                  {product} {ergonomic}
   size_t MarkStackSize                            = 4194304                                   {product} {ergonomic}
   size_t MaxHeapSize                              = 2147483648                                {product} {command line}
   size_t MaxNewSize                               = 1287651328                                {product} {ergonomic}
   size_t MinHeapDeltaBytes                        = 1048576                                   {product} {ergonomic}
    uintx NonNMethodCodeHeapSize                   = 5830732                                {pd product} {ergonomic}
    uintx NonProfiledCodeHeapSize                  = 122913754                              {pd product} {ergonomic}
    uintx ProfiledCodeHeapSize                     = 122913754                              {pd product} {ergonomic}
    uintx ReservedCodeCacheSize                    = 251658240                              {pd product} {ergonomic}
     bool SegmentedCodeCache                       = true                                      {product} {ergonomic}
     bool UseCompressedClassPointers               = true                                 {lp64_product} {ergonomic}
     bool UseCompressedOops                        = true                                 {lp64_product} {ergonomic}
     bool UseG1GC                                  = true                                      {product} {ergonomic}
     bool UseLargePagesIndividualAllocation        = false                                  {pd product} {ergonomic}

Logging:
Log output configuration:
 #0: stdout all=warning uptime,level,tags
 #1: stderr all=off uptime,level,tags

Environment Variables:
JAVA_HOME=D:\Alondra\programs\java\jdk1.8.0_281
PATH=D:\Alondra\programs\python39\Scripts\;D:\Alondra\programs\python39\;C:\Python39\Scripts\;C:\Python39\;C:\Program Files (x86)\Common Files\Oracle\Java\javapath;C:\Windows\system32;C:\Windows;C:\Windows\System32\Wbem;C:\Windows\System32\WindowsPowerShell\v1.0\;C:\Users\Alondra\AppData\Local\Programs\Python\Python39;C:\Users\Alondra\AppData\Local\Programs\Python\Python39\Scripts;C:\Program Files\dotnet\;D:\Alondra\programs\Brackets\command;D:\Alondra\programs\java\jdk1.8.0_281\bin;D:\Alondra\programs\nodejs\;C:\ProgramData\chocolatey\bin;D:\Alondra\programs\Git\cmd;D:\Alondra\programs\PuTTY\;C:\Users\Alondra\AppData\Roaming\Python\Python39\Scripts;C:\Users\Alondra\AppData\Roaming\Python\Python39;D:\Alondra\programs\PostgreSQL\13\bin;D:\Alondra\7° SEMESTRE\4.Lenguajes y Automatas ll\javacc-javacc-7.0.10\scripts;D:\Alondra\7° SEMESTRE\4.Lenguajes y Automatas ll\javacc-javacc-7.0.10\bin;D:\Alondra\programs\XAMPP\php;D:\Alondra\programs\ComposerSetup;D:\Alondra\programs\Pyhon\Scripts\;D:\Alondra\programs\Pyhon\;D:\Alondra\programs\Microsoft VS Code\bin;D:\Alondra\descargas D\curl_7_53_1_openssl_nghttp2_x64;C:\Users\Alondra\.dotnet\tools;C:\Users\Alondra\AppData\Roaming\npm;D:\Alondra\programs\Nmap;C:\Users\Alondra\AppData\Roaming\Python\Python39\Scripts;C:\Users\Alondra\AppData\Roaming\Python\Python39;D:\Alondra\programs\PostgreSQL\13\bin;C:\Users\Alondra\AppData\Roaming\Composer\vendor\bin
USERNAME=Alondra
OS=Windows_NT
PROCESSOR_IDENTIFIER=Intel64 Family 6 Model 92 Stepping 9, GenuineIntel



---------------  S Y S T E M  ---------------

OS: Windows 10 , 64 bit Build 10586 (10.0.10586.0)
OS uptime: 0 days 21:38 hours

CPU:total 4 (initial active 4) (4 cores per cpu, 1 threads per core) family 6 model 92 stepping 9 microcode 0x2a, cmov, cx8, fxsr, mmx, sse, sse2, sse3, ssse3, sse4.1, sse4.2, popcnt, aes, clmul, erms, 3dnowpref, tsc, tscinvbit, sha

Memory: 4k page, system-wide physical 3928M (499M free)
TotalPageFile size 5640M (AvailPageFile size 17M)
current process WorkingSet (physical memory assigned to process): 355M, peak: 358M
current process commit charge ("private bytes"): 389M, peak: 415M

vm_info: OpenJDK 64-Bit Server VM (11.0.11+9-b60-7590822) for windows-amd64 JRE (11.0.11+9-b60-7590822), built on Jul 29 2021 21:43:44 by "builder" with MS VC++ 14.0 (VS2015)

END.
